[INFO]  2025/12/17 12:13:07 Starting LinkedIn Automation Tool
[INFO]  2025/12/17 12:13:07 Config loaded from: ./config/config.yaml
[INFO]  2025/12/17 12:13:07 Initializing browser...
[INFO]  2025/12/17 12:13:48 Browser initialized successfully
[INFO]  2025/12/17 12:13:48 Authenticating...
[INFO]  2025/12/17 12:13:48 Starting login process
[INFO]  2025/12/17 12:13:48 Navigating to login page
[INFO]  2025/12/17 12:14:05 Waiting for login to complete
[INFO]  2025/12/17 12:14:23 Closing browser
[INFO]  2025/12/17 12:14:50 Starting LinkedIn Automation Tool
[INFO]  2025/12/17 12:14:50 Config loaded from: ./config/config.yaml
[INFO]  2025/12/17 12:14:50 Initializing browser...
[INFO]  2025/12/17 12:14:51 Browser initialized successfully
[INFO]  2025/12/17 12:14:51 Authenticating...
[INFO]  2025/12/17 12:14:51 Starting login process
[INFO]  2025/12/17 12:14:51 Navigating to login page
[INFO]  2025/12/17 12:15:05 Waiting for login to complete
[INFO]  2025/12/17 12:20:51 Closing browser
[INFO]  2025/12/17 12:21:00 Starting LinkedIn Automation Tool
[INFO]  2025/12/17 12:21:00 Config loaded from: ./config/config.yaml
[INFO]  2025/12/17 12:21:00 Initializing browser...
[INFO]  2025/12/17 12:21:01 Browser initialized successfully
[INFO]  2025/12/17 12:21:01 Authenticating...
[INFO]  2025/12/17 12:21:01 Starting login process
[INFO]  2025/12/17 12:21:01 Navigating to login page
[INFO]  2025/12/17 12:21:41 Waiting for login to complete
[INFO]  2025/12/17 12:25:59 Closing browser
[INFO]  2025/12/17 12:26:12 Starting LinkedIn Automation Tool
[INFO]  2025/12/17 12:26:12 Config loaded from: ./config/config.yaml
[INFO]  2025/12/17 12:26:12 Initializing browser...
[INFO]  2025/12/17 12:26:13 Browser initialized successfully
[INFO]  2025/12/17 12:26:13 Authenticating...
[INFO]  2025/12/17 12:26:13 Starting login process
[INFO]  2025/12/17 12:26:13 Navigating to login page
[INFO]  2025/12/17 12:26:30 Waiting for login to complete
[INFO]  2025/12/17 12:26:59 Closing browser
[INFO]  2025/12/17 12:27:06 Starting LinkedIn Automation Tool
[INFO]  2025/12/17 12:27:06 Config loaded from: ./config/config.yaml
[INFO]  2025/12/17 12:27:06 Initializing browser...
[INFO]  2025/12/17 12:27:07 Browser initialized successfully
[INFO]  2025/12/17 12:27:07 Authenticating...
[INFO]  2025/12/17 12:27:07 Starting login process
[INFO]  2025/12/17 12:27:07 Navigating to login page
[INFO]  2025/12/17 12:27:23 Waiting for login to complete
[INFO]  2025/12/17 12:29:56 Closing browser
[INFO]  2025/12/17 12:32:54 Starting LinkedIn Automation Tool
[INFO]  2025/12/17 12:32:54 Config loaded from: ./config/config.yaml
[INFO]  2025/12/17 12:32:54 Initializing browser...
[INFO]  2025/12/17 12:32:55 Browser initialized successfully
[INFO]  2025/12/17 12:32:55 Authenticating...
[INFO]  2025/12/17 12:32:55 Starting login process
[INFO]  2025/12/17 12:32:55 Navigating to login page
[INFO]  2025/12/17 12:33:11 Waiting for login to complete
[INFO]  2025/12/17 12:33:22 Closing browser
[INFO]  2025/12/17 16:44:13 Starting LinkedIn Automation Tool
[INFO]  2025/12/17 16:44:13 Config loaded from: ./config/config.yaml
[INFO]  2025/12/17 16:44:13 Initializing browser...
[INFO]  2025/12/17 16:44:14 Browser initialized successfully
[INFO]  2025/12/17 16:44:14 Authenticating...
[INFO]  2025/12/17 16:44:14 Starting login process
[INFO]  2025/12/17 16:44:14 Navigating to login page
[INFO]  2025/12/17 16:44:29 Waiting for login to complete
[INFO]  2025/12/17 16:46:49 Closing browser
[INFO]  2025/12/17 16:46:57 Starting LinkedIn Automation Tool
[INFO]  2025/12/17 16:46:57 Config loaded from: ./config/config.yaml
[INFO]  2025/12/17 16:46:57 Initializing browser...
[INFO]  2025/12/17 16:46:59 Browser initialized successfully
[INFO]  2025/12/17 16:46:59 Authenticating...
[INFO]  2025/12/17 16:46:59 Starting login process
[INFO]  2025/12/17 16:46:59 Navigating to login page
[INFO]  2025/12/17 16:47:14 Waiting for login to complete
[INFO]  2025/12/17 16:48:25 Closing browser
[INFO]  2025/12/17 16:48:31 Starting LinkedIn Automation Tool
[INFO]  2025/12/17 16:48:31 Config loaded from: ./config/config.yaml
[INFO]  2025/12/17 16:48:31 Initializing browser...
[INFO]  2025/12/17 16:48:32 Browser initialized successfully
[INFO]  2025/12/17 16:48:32 Authenticating...
[INFO]  2025/12/17 16:48:32 Starting login process
[INFO]  2025/12/17 16:48:32 Navigating to login page
[INFO]  2025/12/17 16:48:50 Waiting for login to complete
[INFO]  2025/12/17 16:49:12 Closing browser
[INFO]  2025/12/17 16:51:15 Starting LinkedIn Automation Tool
[INFO]  2025/12/17 16:51:15 Config loaded from: ./config/config.yaml
[INFO]  2025/12/17 16:51:15 Initializing browser...
[INFO]  2025/12/17 16:51:17 Browser initialized successfully
[INFO]  2025/12/17 16:51:17 Authenticating...
[INFO]  2025/12/17 16:51:17 Starting login process
[INFO]  2025/12/17 16:51:17 Navigating to login page
[INFO]  2025/12/17 16:51:32 Waiting for login to complete
[INFO]  2025/12/17 16:56:30 Closing browser
[INFO]  2025/12/17 16:57:08 Starting LinkedIn Automation Tool
[INFO]  2025/12/17 16:57:08 Config loaded from: ./config/config.yaml
[INFO]  2025/12/17 16:57:08 Initializing browser...
[INFO]  2025/12/17 16:57:10 Browser initialized successfully
[INFO]  2025/12/17 16:57:10 Authenticating...
[INFO]  2025/12/17 16:57:10 Starting login process
[INFO]  2025/12/17 16:57:10 Navigating to login page
[INFO]  2025/12/17 16:57:26 Waiting for login to complete
[INFO]  2025/12/17 16:57:31 Closing browser
[INFO]  2025/12/17 16:57:34 Starting LinkedIn Automation Tool
[INFO]  2025/12/17 16:57:34 Config loaded from: ./config/config.yaml
[INFO]  2025/12/17 16:57:34 Initializing browser...
[INFO]  2025/12/17 16:57:35 Browser initialized successfully
[INFO]  2025/12/17 16:57:35 Authenticating...
[INFO]  2025/12/17 16:57:35 Starting login process
[INFO]  2025/12/17 16:57:35 Navigating to login page
[ERROR] 2025/12/17 16:57:50 main.go:89: Authentication failed: failed to find login button: context canceled
[INFO]  2025/12/17 16:58:10 Starting LinkedIn Automation Tool
[INFO]  2025/12/17 16:58:10 Config loaded from: ./config/config.yaml
[INFO]  2025/12/17 16:58:10 Initializing browser...
[INFO]  2025/12/17 16:58:11 Browser initialized successfully
[INFO]  2025/12/17 16:58:11 Authenticating...
[INFO]  2025/12/17 16:58:11 Starting login process
[INFO]  2025/12/17 16:58:11 Navigating to login page
[INFO]  2025/12/17 16:58:25 Waiting for login to complete
[INFO]  2025/12/17 17:00:51 Closing browser
[INFO]  2025/12/17 17:11:24 Starting LinkedIn Automation Tool
[INFO]  2025/12/17 17:11:24 Config loaded from: ./config/config.yaml
[INFO]  2025/12/17 17:11:24 Initializing browser...
[INFO]  2025/12/17 17:11:26 Browser initialized successfully
[INFO]  2025/12/17 17:11:26 Authenticating...
[INFO]  2025/12/17 17:11:26 Starting login process
[INFO]  2025/12/17 17:11:26 Navigating to login page
[INFO]  2025/12/17 17:11:41 Waiting for login to complete
[INFO]  2025/12/17 17:28:09 Closing browser
[INFO]  2025/12/17 17:56:08 Starting LinkedIn Automation Tool
[INFO]  2025/12/17 17:56:08 Config loaded from: ./config/config.yaml
[INFO]  2025/12/17 17:56:08 Initializing browser...
[INFO]  2025/12/17 17:56:09 Browser initialized successfully
[INFO]  2025/12/17 17:56:09 Authenticating...
[INFO]  2025/12/17 17:56:09 Starting login process
[INFO]  2025/12/17 17:56:09 Navigating to login page
[INFO]  2025/12/17 17:56:28 Waiting for login to complete
[INFO]  2025/12/17 17:56:50 Closing browser
[INFO]  2025/12/17 17:56:56 Starting LinkedIn Automation Tool
[INFO]  2025/12/17 17:56:56 Config loaded from: ./config/config.yaml
[INFO]  2025/12/17 17:56:56 Initializing browser...
[INFO]  2025/12/17 17:56:57 Browser initialized successfully
[INFO]  2025/12/17 17:56:57 Authenticating...
[INFO]  2025/12/17 17:56:57 Starting login process
[INFO]  2025/12/17 17:56:57 Navigating to login page
[INFO]  2025/12/17 17:57:14 Waiting for login to complete
[INFO]  2025/12/17 17:58:27 Closing browser
[INFO]  2025/12/17 17:59:03 Starting LinkedIn Automation Tool
[INFO]  2025/12/17 17:59:03 Config loaded from: ./config/config.yaml
[INFO]  2025/12/17 17:59:03 Initializing browser...
[INFO]  2025/12/17 17:59:04 Browser initialized successfully
[INFO]  2025/12/17 17:59:04 Authenticating...
[INFO]  2025/12/17 17:59:04 Starting login process
[INFO]  2025/12/17 17:59:04 Navigating to login page
[INFO]  2025/12/17 17:59:20 Waiting for login to complete
[INFO]  2025/12/17 18:02:55 Closing browser
